2025-09-28 07:37:31 - file - INFO - logger - _log_with_metrics:255 - SwanLab experiment tracking initialized
2025-09-28 07:37:31 - file - INFO - logger - _log_with_metrics:255 - Enterprise logging system initialized successfully
2025-09-28 07:37:31 - file - DEBUG - logger - _log_with_metrics:255 - Log directory: /home/yxfeng/project2/Simple-ML-project/logs
2025-09-28 07:37:31 - file - DEBUG - logger - _log_with_metrics:255 - Configuration: {'swanlab': {'open': True, 'project': 'sci', 'name': 'Simple-ML-project'}}
2025-09-28 07:37:31 - file - INFO - logger - _log_with_metrics:255 - Initialized RandomForest model (type: classification)
2025-09-28 07:37:31 - file - DEBUG - logger - _log_with_metrics:255 - Model parameters: {'n_estimators': 10, 'random_state': 42}
2025-09-28 07:37:31 - file - INFO - logger - _log_with_metrics:255 - Initialized LogisticRegression model (type: classification)
2025-09-28 07:37:31 - file - DEBUG - logger - _log_with_metrics:255 - Model parameters: {'random_state': 42, 'max_iter': 100}
2025-09-28 07:37:31 - file - INFO - logger - _log_with_metrics:255 - SwanLab experiment tracking initialized
2025-09-28 07:37:31 - file - INFO - logger - _log_with_metrics:255 - Enterprise logging system initialized successfully
2025-09-28 07:37:31 - file - DEBUG - logger - _log_with_metrics:255 - Log directory: /home/yxfeng/project2/Simple-ML-project/logs
2025-09-28 07:37:31 - file - DEBUG - logger - _log_with_metrics:255 - Configuration: {'swanlab': {'open': True, 'project': 'sci', 'name': 'Simple-ML-project'}}
2025-09-28 07:37:31 - file - INFO - logger - _log_with_metrics:255 - Initialized RandomForest model (type: classification)
2025-09-28 07:37:31 - file - DEBUG - logger - _log_with_metrics:255 - Model parameters: {'n_estimators': 10, 'random_state': 42}
2025-09-28 07:37:31 - file - INFO - logger - _log_with_metrics:255 - ModelTrainer initialized
2025-09-28 07:37:31 - file - INFO - logger - _log_with_metrics:255 - Model set to RandomForest
2025-09-28 07:37:31 - file - INFO - logger - _log_with_metrics:255 - Training RandomForest model...
2025-09-28 07:37:31 - file - INFO - logger - _log_with_metrics:255 - Performing 5-fold cross-validation...
2025-09-28 07:37:33 - file - INFO - logger - _log_with_metrics:255 - Training RandomForest model...
2025-09-28 07:37:33 - file - INFO - logger - _log_with_metrics:255 - RandomForest model training completed
2025-09-28 07:37:33 - file - INFO - logger - _log_with_metrics:255 - Training completed. CV Score: 0.6200 ± 0.0748
2025-09-28 07:37:33 - file - DEBUG - logger - _log_with_metrics:255 - Making predictions with RandomForest model on 100 samples
2025-09-28 07:37:33 - file - DEBUG - logger - _log_with_metrics:255 - Predictions completed successfully. Shape: (100,)
2025-09-28 07:37:33 - file - DEBUG - logger - _log_with_metrics:255 - Making probability predictions with RandomForest model
2025-09-28 07:37:33 - file - DEBUG - logger - _log_with_metrics:255 - Probability predictions completed. Shape: (100, 2)
2025-09-28 07:37:33 - file - INFO - logger - _log_with_metrics:255 - Evaluation completed. Accuracy: 0.9700
