2025-09-28 10:02:50 - file - INFO - logger - _log_with_metrics:255 - Production logging system initialized successfully
2025-09-28 10:02:50 - file - DEBUG - logger - _log_with_metrics:255 - Log directory: /home/yxfeng/project2/Simple-ML-project/logs
2025-09-28 10:02:50 - file - DEBUG - logger - _log_with_metrics:255 - Configuration: {}
2025-09-28 10:02:50 - file - INFO - logger - _log_with_metrics:255 - Output directories created/verified
2025-09-28 10:02:50 - file - INFO - logger - _log_with_metrics:255 - AdvancedDataProcessor initialized with production features
2025-09-28 10:02:50 - file - INFO - logger - _log_with_metrics:255 - AdvancedModelTrainer initialized with production features
2025-09-28 10:02:50 - file - INFO - logger - _log_with_metrics:255 - ModelEvaluator initialized
2025-09-28 10:02:50 - file - INFO - logger - _log_with_metrics:255 - Pipeline components initialized successfully
2025-09-28 10:02:50 - file - INFO - logger - _log_with_metrics:255 - Advanced ML pipeline initialized successfully
2025-09-28 10:02:50 - file - INFO - logger - _log_with_metrics:255 - Environment: development
2025-09-28 10:02:50 - file - INFO - logger - _log_with_metrics:255 - Configuration: temp_naivebayes_config.yaml
2025-09-28 10:02:50 - file - INFO - logger - _log_with_metrics:255 - Data: data/train_u6lujuX_CVtuZ9i.csv
2025-09-28 10:02:50 - file - INFO - logger - _log_with_metrics:255 - Starting advanced ML pipeline execution
2025-09-28 10:02:50 - file - INFO - logger - _log_with_metrics:255 - Phase 1: Data Loading and Processing
2025-09-28 10:02:50 - file - INFO - logger - _log_with_metrics:255 - Loading data from data/train_u6lujuX_CVtuZ9i.csv
2025-09-28 10:02:50 - file - INFO - logger - _log_with_metrics:255 - Data loaded successfully: 614 samples, 13 features
2025-09-28 10:02:50 - file - INFO - logger - _log_with_metrics:255 - Data quality score: 0.981
2025-09-28 10:02:50 - file - INFO - logger - _log_with_metrics:255 - Starting async data preprocessing...
2025-09-28 10:02:50 - file - INFO - logger - _log_with_metrics:255 - Starting comprehensive data preprocessing pipeline
2025-09-28 10:02:50 - file - INFO - logger - _log_with_metrics:255 - Step 1/6: Handling missing values
2025-09-28 10:02:50 - file - INFO - logger - _log_with_metrics:255 - Missing values after processing: 149
2025-09-28 10:02:50 - file - INFO - logger - _log_with_metrics:255 - Step 2/6: Feature engineering
2025-09-28 10:02:50 - file - INFO - logger - _log_with_metrics:255 - Starting feature engineering
2025-09-28 10:02:50 - file - DEBUG - logger - _log_with_metrics:255 - Created income-related features
2025-09-28 10:02:50 - file - DEBUG - logger - _log_with_metrics:255 - Created loan-related features
2025-09-28 10:02:50 - file - DEBUG - logger - _log_with_metrics:255 - Created credit history features
2025-09-28 10:02:50 - file - DEBUG - logger - _log_with_metrics:255 - Created property area features
2025-09-28 10:02:50 - file - INFO - logger - _log_with_metrics:255 - Created 7 new features: ['TotalIncome', 'IncomeRatio', 'IncomeCategory', 'LoanToIncomeRatio', 'EMI', 'CreditCategory', 'PropertyCategory']
2025-09-28 10:02:50 - file - INFO - logger - _log_with_metrics:255 - Step 3/6: Encoding categorical features
2025-09-28 10:02:50 - file - INFO - logger - _log_with_metrics:255 - Encoded 9 categorical features
2025-09-28 10:02:50 - file - INFO - logger - _log_with_metrics:255 - Step 4/6: Scaling features
2025-09-28 10:02:50 - file - INFO - logger - _log_with_metrics:255 - Scaled 18 numerical features using standard scaling
2025-09-28 10:02:50 - file - INFO - logger - _log_with_metrics:255 - Step 5/6: Separating features and target
2025-09-28 10:02:50 - file - INFO - logger - _log_with_metrics:255 - Step 6/6: Final validation
2025-09-28 10:02:50 - file - INFO - logger - _log_with_metrics:255 - Data validation passed. Final features shape: (614, 18), Target shape: (614,)
2025-09-28 10:02:50 - file - INFO - logger - _log_with_metrics:255 - Data preprocessing pipeline completed successfully
2025-09-28 10:02:50 - file - INFO - logger - _log_with_metrics:255 - Final features shape: (614, 18)
2025-09-28 10:02:50 - file - INFO - logger - _log_with_metrics:255 - Target shape: (614,)
2025-09-28 10:02:50 - file - INFO - logger - _log_with_metrics:255 - Target distribution: [192 422]
2025-09-28 10:02:50 - file - INFO - logger - _log_with_metrics:255 - Data split completed:
2025-09-28 10:02:50 - file - INFO - logger - _log_with_metrics:255 -   Train set: 491 samples
2025-09-28 10:02:50 - file - INFO - logger - _log_with_metrics:255 -   Validation set: 123 samples
2025-09-28 10:02:50 - file - INFO - logger - _log_with_metrics:255 - Phase 2: Model Training
2025-09-28 10:02:50 - file - INFO - logger - _log_with_metrics:255 - Initialized NaiveBayes model (type: classification)
2025-09-28 10:02:50 - file - DEBUG - logger - _log_with_metrics:255 - Model parameters: {'var_smoothing': '1e-9'}
2025-09-28 10:02:50 - file - INFO - logger - _log_with_metrics:255 - Starting async training...
2025-09-28 10:02:50 - file - INFO - logger - _log_with_metrics:255 - Starting advanced training for NaiveBayes
2025-09-28 10:02:50 - file - INFO - logger - _log_with_metrics:255 - Performing 5-fold cross-validation...
2025-09-28 10:02:50 - file - ERROR - logger - _log_with_metrics:255 - Cross-validation failed: The 'var_smoothing' parameter of GaussianNB must be a float in the range [0.0, inf). Got '1e-9' instead.
2025-09-28 10:02:50 - file - ERROR - logger - _log_with_metrics:255 - Training failed: Cross-validation failed: The 'var_smoothing' parameter of GaussianNB must be a float in the range [0.0, inf). Got '1e-9' instead.
2025-09-28 10:02:50 - file - ERROR - logger - _log_with_metrics:255 - Pipeline execution failed: Async training failed: Training failed: Cross-validation failed: The 'var_smoothing' parameter of GaussianNB must be a float in the range [0.0, inf). Got '1e-9' instead.
Traceback (most recent call last):
  File "/home/yxfeng/project2/Simple-ML-project/main.py", line 187, in run_pipeline
    training_results = await self.model_trainer.train_async(
  File "/home/yxfeng/project2/Simple-ML-project/src/training/trainer.py", line 385, in train_async
    raise TrainingError(f"Async training failed: {result.error}")
src.core.exceptions.TrainingError: Async training failed: Training failed: Cross-validation failed: The 'var_smoothing' parameter of GaussianNB must be a float in the range [0.0, inf). Got '1e-9' instead.
2025-09-28 10:02:55 - file - INFO - logger - _log_with_metrics:255 - Logger closed
2025-09-28 10:02:55 - file - INFO - logger - _log_with_metrics:255 - Pipeline cleanup completed
