2025-09-28 09:38:22 - file - INFO - logger - _log_with_metrics:255 - SwanLab experiment tracking initialized
2025-09-28 09:38:22 - file - INFO - logger - _log_with_metrics:255 - Production logging system initialized successfully
2025-09-28 09:38:22 - file - DEBUG - logger - _log_with_metrics:255 - Log directory: /home/yxfeng/project2/Simple-ML-project/logs
2025-09-28 09:38:22 - file - DEBUG - logger - _log_with_metrics:255 - Configuration: {'swanlab': {'open': True, 'project': 'sci', 'name': 'Simple-ML-project'}}
2025-09-28 09:38:22 - file - INFO - logger - _log_with_metrics:255 - Output directories created/verified
2025-09-28 09:38:22 - file - INFO - logger - _log_with_metrics:255 - AdvancedDataProcessor initialized with production features
2025-09-28 09:38:22 - file - INFO - logger - _log_with_metrics:255 - AdvancedModelTrainer initialized with production features
2025-09-28 09:38:22 - file - INFO - logger - _log_with_metrics:255 - ModelEvaluator initialized
2025-09-28 09:38:22 - file - INFO - logger - _log_with_metrics:255 - Pipeline components initialized successfully
2025-09-28 09:38:22 - file - INFO - logger - _log_with_metrics:255 - Advanced ML pipeline initialized successfully
2025-09-28 09:38:22 - file - INFO - logger - _log_with_metrics:255 - Environment: development
2025-09-28 09:38:22 - file - INFO - logger - _log_with_metrics:255 - Configuration: /home/yxfeng/project2/Simple-ML-project/config.yaml
2025-09-28 09:38:22 - file - INFO - logger - _log_with_metrics:255 - Data: /home/yxfeng/project2/Simple-ML-project/data/train_u6lujuX_CVtuZ9i.csv
2025-09-28 09:38:22 - file - INFO - logger - _log_with_metrics:255 - Starting advanced ML pipeline execution
2025-09-28 09:38:22 - file - INFO - logger - _log_with_metrics:255 - Phase 1: Data Loading and Processing
2025-09-28 09:38:22 - file - INFO - logger - _log_with_metrics:255 - Loading data from /home/yxfeng/project2/Simple-ML-project/data/train_u6lujuX_CVtuZ9i.csv
2025-09-28 09:38:22 - file - INFO - logger - _log_with_metrics:255 - Data loaded successfully: 614 samples, 13 features
2025-09-28 09:38:22 - file - INFO - logger - _log_with_metrics:255 - Data quality score: 0.981
2025-09-28 09:38:22 - file - INFO - logger - _log_with_metrics:255 - Starting async data preprocessing...
2025-09-28 09:38:22 - file - INFO - logger - _log_with_metrics:255 - Starting comprehensive data preprocessing pipeline
2025-09-28 09:38:22 - file - INFO - logger - _log_with_metrics:255 - Step 1/6: Handling missing values
2025-09-28 09:38:22 - file - INFO - logger - _log_with_metrics:255 - Missing values after processing: 149
2025-09-28 09:38:22 - file - INFO - logger - _log_with_metrics:255 - Step 2/6: Feature engineering
2025-09-28 09:38:22 - file - INFO - logger - _log_with_metrics:255 - Starting feature engineering
2025-09-28 09:38:22 - file - DEBUG - logger - _log_with_metrics:255 - Created income-related features
2025-09-28 09:38:22 - file - DEBUG - logger - _log_with_metrics:255 - Created loan-related features
2025-09-28 09:38:22 - file - DEBUG - logger - _log_with_metrics:255 - Created credit history features
2025-09-28 09:38:22 - file - DEBUG - logger - _log_with_metrics:255 - Created property area features
2025-09-28 09:38:22 - file - INFO - logger - _log_with_metrics:255 - Created 7 new features: ['TotalIncome', 'IncomeRatio', 'IncomeCategory', 'LoanToIncomeRatio', 'EMI', 'CreditCategory', 'PropertyCategory']
2025-09-28 09:38:22 - file - INFO - logger - _log_with_metrics:255 - Step 3/6: Encoding categorical features
2025-09-28 09:38:22 - file - INFO - logger - _log_with_metrics:255 - Encoded 9 categorical features
2025-09-28 09:38:22 - file - INFO - logger - _log_with_metrics:255 - Step 4/6: Scaling features
2025-09-28 09:38:22 - file - INFO - logger - _log_with_metrics:255 - Scaled 18 numerical features using standard scaling
2025-09-28 09:38:22 - file - INFO - logger - _log_with_metrics:255 - Step 5/6: Separating features and target
2025-09-28 09:38:22 - file - INFO - logger - _log_with_metrics:255 - Step 6/6: Final validation
2025-09-28 09:38:22 - file - INFO - logger - _log_with_metrics:255 - Data validation passed. Final features shape: (614, 18), Target shape: (614,)
2025-09-28 09:38:22 - file - INFO - logger - _log_with_metrics:255 - Data preprocessing pipeline completed successfully
2025-09-28 09:38:22 - file - INFO - logger - _log_with_metrics:255 - Final features shape: (614, 18)
2025-09-28 09:38:22 - file - INFO - logger - _log_with_metrics:255 - Target shape: (614,)
2025-09-28 09:38:22 - file - INFO - logger - _log_with_metrics:255 - Target distribution: [192 422]
2025-09-28 09:38:23 - file - INFO - logger - _log_with_metrics:255 - Data split completed:
2025-09-28 09:38:23 - file - INFO - logger - _log_with_metrics:255 -   Train set: 491 samples
2025-09-28 09:38:23 - file - INFO - logger - _log_with_metrics:255 -   Validation set: 123 samples
2025-09-28 09:38:23 - file - INFO - logger - _log_with_metrics:255 - Phase 2: Model Training
2025-09-28 09:38:23 - file - INFO - logger - _log_with_metrics:255 - Initialized XGBoost model (type: classification)
2025-09-28 09:38:23 - file - DEBUG - logger - _log_with_metrics:255 - Model parameters: {'n_estimators': 100, 'learning_rate': 0.1, 'max_depth': 6, 'random_state': 42}
2025-09-28 09:38:23 - file - INFO - logger - _log_with_metrics:255 - Starting async training...
2025-09-28 09:38:23 - file - INFO - logger - _log_with_metrics:255 - Starting advanced training for XGBoost
2025-09-28 09:38:23 - file - INFO - logger - _log_with_metrics:255 - Performing 5-fold cross-validation...
2025-09-28 09:38:23 - file - ERROR - logger - _log_with_metrics:255 - Cross-validation failed: The 'estimator' parameter of cross_val_score must be an object implementing 'fit'. Got None instead.
2025-09-28 09:38:23 - file - ERROR - logger - _log_with_metrics:255 - Training failed: Cross-validation failed: The 'estimator' parameter of cross_val_score must be an object implementing 'fit'. Got None instead.
2025-09-28 09:38:23 - file - ERROR - logger - _log_with_metrics:255 - Pipeline execution failed: Async training failed: Training failed: Cross-validation failed: The 'estimator' parameter of cross_val_score must be an object implementing 'fit'. Got None instead.
Traceback (most recent call last):
  File "/home/yxfeng/project2/Simple-ML-project/main.py", line 187, in run_pipeline
    training_results = await self.model_trainer.train_async(
  File "/home/yxfeng/project2/Simple-ML-project/src/training/trainer.py", line 373, in train_async
    raise TrainingError(f"Async training failed: {result.error}")
src.core.exceptions.TrainingError: Async training failed: Training failed: Cross-validation failed: The 'estimator' parameter of cross_val_score must be an object implementing 'fit'. Got None instead.
2025-09-28 09:38:28 - file - INFO - logger - _log_with_metrics:255 - Experiment tracking finished
2025-09-28 09:38:28 - file - INFO - logger - _log_with_metrics:255 - Logger closed
2025-09-28 09:38:28 - file - INFO - logger - _log_with_metrics:255 - Pipeline cleanup completed
